[2009-52-19 06:52,     0]INFO  josejamilena.pfc.servidor.CargarTareas [main] - Programación SQL: ejemplo.sql * * * * *
 [2009-52-19 06:52,    52]INFO  josejamilena.pfc.servidor.CargarTareas [main] - Programación PLSQL: ejemplo_1.sql * * * * *
 [2009-53-19 06:53, 54095]INFO  josejamilena.pfc.servidor.conexion.Estadisticas [cron4j::scheduler[b95868d800dd20f6007b707200000121f96ebf0b708952d8]::executor[b95868d800dd20f60173831b00000121f96f77e218ff737d]] - org.sqlite.JDBC
 [2009-53-19 06:53, 54804]INFO  josejamilena.pfc.servidor.conexion.Estadisticas [cron4j::scheduler[b95868d800dd20f6007b707200000121f96ec0e324f490dc]::executor[b95868d800dd20f60075015900000121f96f77fb1ba8617c]] - org.sqlite.JDBC
 [2009-53-19 06:53, 54966]INFO  josejamilena.pfc.servidor.conexion.Estadisticas [cron4j::scheduler[b95868d800dd20f6007b707200000121f96ec0e324f490dc]::executor[b95868d800dd20f60075015900000121f96f77fb1ba8617c]] - jdbc:sqlite:.\estadisticas.db3
 [2009-53-19 06:53, 54981]INFO  josejamilena.pfc.servidor.conexion.Estadisticas [cron4j::scheduler[b95868d800dd20f6007b707200000121f96ebf0b708952d8]::executor[b95868d800dd20f60173831b00000121f96f77e218ff737d]] - jdbc:sqlite:.\estadisticas.db3
 [2009-53-19 06:53, 54981]INFO  josejamilena.pfc.servidor.conexion.Estadisticas [cron4j::scheduler[b95868d800dd20f6007b707200000121f96ec0e324f490dc]::executor[b95868d800dd20f60075015900000121f96f77fb1ba8617c]] - La tabla donde se guardan las estadisticas, ya existe.
 [2009-53-19 06:53, 54982]INFO  josejamilena.pfc.servidor.conexion.Estadisticas [cron4j::scheduler[b95868d800dd20f6007b707200000121f96ebf0b708952d8]::executor[b95868d800dd20f60173831b00000121f96f77e218ff737d]] - La tabla donde se guardan las estadisticas, ya existe.
 [2009-55-19 06:55,     0]INFO  josejamilena.pfc.servidor.CargarTareas [main] - Programación SQL: ejemplo.sql * * * * *
 [2009-55-19 06:55,     7]INFO  josejamilena.pfc.servidor.CargarTareas [main] - Programación PLSQL: ejemplo_1.sql * * * * *
 [2009-56-19 06:56, 28484]INFO  josejamilena.pfc.servidor.conexion.Estadisticas [cron4j::scheduler[b95868d800f6237300b179c300000121f97227b04c110245]::executor[b95868d800f623730074339900000121f9727ab2259a2671]] - org.sqlite.JDBC
 [2009-56-19 06:56, 29612]INFO  josejamilena.pfc.servidor.conexion.Estadisticas [cron4j::scheduler[b95868d800f6237300b179c300000121f97227b04c110245]::executor[b95868d800f623730074339900000121f9727ab2259a2671]] - jdbc:sqlite:.\estadisticas.db3
 [2009-56-19 06:56, 29619]INFO  josejamilena.pfc.servidor.conexion.Estadisticas [cron4j::scheduler[b95868d800f6237300b179c300000121f97227b04c110245]::executor[b95868d800f623730074339900000121f9727ab2259a2671]] - La tabla donde se guardan las estadisticas, ya existe.
 [2009-57-19 06:57,     0]INFO  josejamilena.pfc.servidor.CargarTareas [main] - Programación SQL: ejemplo.sql * * * * *
 [2009-57-19 06:57,     4]INFO  josejamilena.pfc.servidor.CargarTareas [main] - Programación PLSQL: ejemplo_1.sql * * * * *
 [2009-58-19 06:58, 45394]INFO  josejamilena.pfc.servidor.conexion.Estadisticas [cron4j::scheduler[b95868d801f1fba001f7d13400000121f9735c9315a2c214]::executor[b95868d801f1fba000fd13b500000121f9740be87068fc62]] - org.sqlite.JDBC
 [2009-58-19 06:58, 45614]INFO  josejamilena.pfc.servidor.conexion.Estadisticas [cron4j::scheduler[b95868d801f1fba001f7d13400000121f9735e751c9dd71a]::executor[b95868d801f1fba0001503a300000121f9740bc2204f6784]] - org.sqlite.JDBC
 [2009-58-19 06:58, 45772]INFO  josejamilena.pfc.servidor.conexion.Estadisticas [cron4j::scheduler[b95868d801f1fba001f7d13400000121f9735c9315a2c214]::executor[b95868d801f1fba000fd13b500000121f9740be87068fc62]] - jdbc:sqlite:.\estadisticas.db3
 [2009-58-19 06:58, 45783]INFO  josejamilena.pfc.servidor.conexion.Estadisticas [cron4j::scheduler[b95868d801f1fba001f7d13400000121f9735c9315a2c214]::executor[b95868d801f1fba000fd13b500000121f9740be87068fc62]] - La tabla donde se guardan las estadisticas, ya existe.
 [2009-58-19 06:58, 45816]INFO  josejamilena.pfc.servidor.conexion.Estadisticas [cron4j::scheduler[b95868d801f1fba001f7d13400000121f9735e751c9dd71a]::executor[b95868d801f1fba0001503a300000121f9740bc2204f6784]] - jdbc:sqlite:.\estadisticas.db3
 [2009-58-19 06:58, 45819]INFO  josejamilena.pfc.servidor.conexion.Estadisticas [cron4j::scheduler[b95868d801f1fba001f7d13400000121f9735e751c9dd71a]::executor[b95868d801f1fba0001503a300000121f9740bc2204f6784]] - La tabla donde se guardan las estadisticas, ya existe.
 [2009-58-19 06:58,     0]INFO  josejamilena.pfc.servidor.CargarTareas [main] - Programación SQL: ejemplo.sql * * * * *
 [2009-58-19 06:58,     4]INFO  josejamilena.pfc.servidor.CargarTareas [main] - Programación PLSQL: ejemplo_1.sql * * * * *
 [2009-58-19 06:58,     0]INFO  josejamilena.pfc.servidor.CargarTareas [main] - Programación SQL: ejemplo.sql * * * * *
 [2009-58-19 06:58,     3]INFO  josejamilena.pfc.servidor.CargarTareas [main] - Programación PLSQL: ejemplo_1.sql * * * * *
 [2009-59-19 06:59,  6084]INFO  josejamilena.pfc.servidor.conexion.Estadisticas [cron4j::scheduler[b95868d8005483cd01b10d4200000121f974e09031198216]::executor[b95868d8005483cd018a7efd00000121f974f67409e341fe]] - org.sqlite.JDBC
 [2009-59-19 06:59,  6251]INFO  josejamilena.pfc.servidor.conexion.Estadisticas [cron4j::scheduler[b95868d8005483cd01b10d4200000121f974e09031198216]::executor[b95868d8005483cd018a7efd00000121f974f67409e341fe]] - jdbc:sqlite:.\estadisticas.db3
 [2009-59-19 06:59,  6268]INFO  josejamilena.pfc.servidor.conexion.Estadisticas [cron4j::scheduler[b95868d8005483cd01b10d4200000121f974e09031198216]::executor[b95868d8005483cd018a7efd00000121f974f67409e341fe]] - La tabla donde se guardan las estadisticas, ya existe.
 