[2009-15-25 06:15,     0]INFO  josejamilena.pfc.servidor.conexion.Estadisticas [main] - org.sqlite.JDBC
 [2009-15-25 06:15,  1589]INFO  josejamilena.pfc.servidor.conexion.Estadisticas [main] - jdbc:sqlite:.\estadisticas.db3
 [2009-15-25 06:15,  1687]WARN  josejamilena.pfc.servidor.conexion.Estadisticas [main] - La tabla donde se guardan las estadisticas, ya existe.
 [2009-15-25 06:15,  1801]INFO  josejamilena.pfc.servidor.conexion.Estadisticas [main] - 0
 [2009-15-25 06:15,  1939]INFO  josejamilena.pfc.servidor.conexion.Estadisticas [main] - 0
 [2009-15-25 06:15,  1943]INFO  josejamilena.pfc.servidor.tareas.CargarTareas [main] - Programación SQL: ejemplo.sql * * * * *
 [2009-15-25 06:15,  1945]INFO  josejamilena.pfc.servidor.tareas.CargarTareas [main] - Programación PLSQL: ejemplo_1.sql * * * * *
 [2009-17-25 06:17,     0]INFO  josejamilena.pfc.servidor.conexion.Estadisticas [main] - org.sqlite.JDBC
 [2009-17-25 06:17,   278]INFO  josejamilena.pfc.servidor.conexion.Estadisticas [main] - jdbc:sqlite:.\estadisticas.db3
 [2009-17-25 06:17,   286]WARN  josejamilena.pfc.servidor.conexion.Estadisticas [main] - La tabla donde se guardan las estadisticas, ya existe.
 [2009-17-25 06:17,   299]INFO  josejamilena.pfc.servidor.conexion.Estadisticas [main] - 0
 [2009-17-25 06:17,   308]INFO  josejamilena.pfc.servidor.conexion.Estadisticas [main] - 0
 [2009-17-25 06:17,   311]INFO  josejamilena.pfc.servidor.tareas.CargarTareas [main] - Programación SQL: ejemplo.sql * * * * *
 [2009-17-25 06:17,   313]INFO  josejamilena.pfc.servidor.tareas.CargarTareas [main] - Programación PLSQL: ejemplo_1.sql * * * * *
 [2009-18-25 06:18,     0]INFO  josejamilena.pfc.servidor.conexion.Estadisticas [main] - org.sqlite.JDBC
 [2009-18-25 06:18,    92]INFO  josejamilena.pfc.servidor.conexion.Estadisticas [main] - jdbc:sqlite:.\estadisticas.db3
 [2009-18-25 06:18,    99]WARN  josejamilena.pfc.servidor.conexion.Estadisticas [main] - La tabla donde se guardan las estadisticas, ya existe.
 [2009-18-25 06:18,   446]INFO  josejamilena.pfc.servidor.conexion.Estadisticas [main] - 0
 [2009-18-25 06:18,   529]INFO  josejamilena.pfc.servidor.conexion.Estadisticas [main] - 0
 [2009-18-25 06:18,   533]INFO  josejamilena.pfc.servidor.tareas.CargarTareas [main] - Programación SQL: ejemplo.sql * * * * *
 [2009-18-25 06:18,   535]INFO  josejamilena.pfc.servidor.tareas.CargarTareas [main] - Programación PLSQL: ejemplo_1.sql * * * * *
 [2009-19-25 06:19, 46011]WARN  josejamilena.pfc.servidor.conexion.Estadisticas [cron4j::scheduler[ec6558eb012f668401cafa9e000001221835d58304584990]::executor[ec6558eb012f668401ddebc30000012218367f786fdded9e]] - La tabla no existe. No es necesario borrarla.
 [2009-19-25 06:19, 46011]INFO  josejamilena.pfc.servidor.conexion.Estadisticas [cron4j::scheduler[ec6558eb012f668401cafa9e000001221835d7606d590337]::executor[ec6558eb012f66840107077e0000012218367f7833b93d39]] - 0
 [2009-19-25 06:19, 46019]WARN  josejamilena.pfc.servidor.conexion.Estadisticas [cron4j::scheduler[ec6558eb012f668401cafa9e000001221835d7606d590337]::executor[ec6558eb012f66840107077e0000012218367f7833b93d39]] - La tabla donde se guardan las estadisticas, ya existe.
 [2009-19-25 06:19, 46019]INFO  josejamilena.pfc.servidor.conexion.Estadisticas [cron4j::scheduler[ec6558eb012f668401cafa9e000001221835d58304584990]::executor[ec6558eb012f668401ddebc30000012218367f786fdded9e]] - 0
 [2009-19-25 06:19, 46262]INFO  josejamilena.pfc.servidor.conexion.Estadisticas [cron4j::scheduler[ec6558eb012f668401cafa9e000001221835d7606d590337]::executor[ec6558eb012f66840107077e0000012218367f7833b93d39]] - 1
 [2009-19-25 06:19, 47058]INFO  josejamilena.pfc.servidor.conexion.Estadisticas [cron4j::scheduler[ec6558eb012f668401cafa9e000001221835d7606d590337]::executor[ec6558eb012f66840107077e0000012218367f7833b93d39]] - 1
 [2009-19-25 06:19, 47116]DEBUG josejamilena.pfc.servidor.tareas.TaskPLSQL [cron4j::scheduler[ec6558eb012f668401cafa9e000001221835d7606d590337]::executor[ec6558eb012f66840107077e0000012218367f7833b93d39]] - Script: ejemplo_1.sql lanzado: Thu Jun 25 18:19:03 CEST 2009
 [2009-19-25 06:19, 47117]DEBUG josejamilena.pfc.servidor.tareas.TaskPLSQL [cron4j::scheduler[ec6558eb012f668401cafa9e000001221835d7606d590337]::executor[ec6558eb012f66840107077e0000012218367f7833b93d39]] - 179.0
 [2009-19-25 06:19, 54484]INFO  josejamilena.pfc.servidor.conexion.Estadisticas [cron4j::scheduler[ec6558eb012f668401cafa9e000001221835d58304584990]::executor[ec6558eb012f668401ddebc30000012218367f786fdded9e]] - 1
 [2009-19-25 06:19, 54490]INFO  josejamilena.pfc.servidor.conexion.Estadisticas [cron4j::scheduler[ec6558eb012f668401cafa9e000001221835d58304584990]::executor[ec6558eb012f668401ddebc30000012218367f786fdded9e]] - 1
 [2009-19-25 06:19, 54490]DEBUG josejamilena.pfc.servidor.tareas.TaskSQL [cron4j::scheduler[ec6558eb012f668401cafa9e000001221835d58304584990]::executor[ec6558eb012f668401ddebc30000012218367f786fdded9e]] - Script: ejemplo.sql lanzado: Thu Jun 25 18:19:10 CEST 2009
 [2009-19-25 06:19, 54491]DEBUG josejamilena.pfc.servidor.tareas.TaskSQL [cron4j::scheduler[ec6558eb012f668401cafa9e000001221835d58304584990]::executor[ec6558eb012f668401ddebc30000012218367f786fdded9e]] - 8178.0
 [2009-21-25 06:21,     0]INFO  josejamilena.pfc.servidor.conexion.Estadisticas [main] - org.sqlite.JDBC
 [2009-21-25 06:21,    99]INFO  josejamilena.pfc.servidor.conexion.Estadisticas [main] - jdbc:sqlite:.\estadisticas.db3
 [2009-21-25 06:21,   110]WARN  josejamilena.pfc.servidor.conexion.Estadisticas [main] - La tabla donde se guardan las estadisticas, ya existe.
 [2009-21-25 06:21,   286]INFO  josejamilena.pfc.servidor.conexion.Estadisticas [main] - 0
 [2009-21-25 06:21,   294]INFO  josejamilena.pfc.servidor.conexion.Estadisticas [main] - 0
 [2009-22-25 06:22,     0]INFO  josejamilena.pfc.servidor.conexion.Estadisticas [main] - org.sqlite.JDBC
 [2009-22-25 06:22,   117]INFO  josejamilena.pfc.servidor.conexion.Estadisticas [main] - jdbc:sqlite:.\estadisticas.db3
 [2009-22-25 06:22,   124]WARN  josejamilena.pfc.servidor.conexion.Estadisticas [main] - La tabla donde se guardan las estadisticas, ya existe.
 [2009-22-25 06:22,   188]INFO  josejamilena.pfc.servidor.conexion.Estadisticas [main] - 0
 [2009-22-25 06:22,   250]INFO  josejamilena.pfc.servidor.conexion.Estadisticas [main] - 0
 [2009-24-25 06:24,     0]INFO  josejamilena.pfc.servidor.conexion.Estadisticas [main] - org.sqlite.JDBC
 [2009-24-25 06:24,   304]INFO  josejamilena.pfc.servidor.conexion.Estadisticas [main] - jdbc:sqlite:.\estadisticas.db3
 [2009-24-25 06:24,   312]WARN  josejamilena.pfc.servidor.conexion.Estadisticas [main] - La tabla donde se guardan las estadisticas, ya existe.
 [2009-24-25 06:24,   321]INFO  josejamilena.pfc.servidor.conexion.Estadisticas [main] - 0
 [2009-24-25 06:24,   331]INFO  josejamilena.pfc.servidor.conexion.Estadisticas [main] - 0
 [2009-26-25 06:26,     0]INFO  josejamilena.pfc.servidor.conexion.Estadisticas [main] - org.sqlite.JDBC
 [2009-26-25 06:26,   288]INFO  josejamilena.pfc.servidor.conexion.Estadisticas [main] - jdbc:sqlite:.\estadisticas.db3
 [2009-26-25 06:26,   295]WARN  josejamilena.pfc.servidor.conexion.Estadisticas [main] - La tabla donde se guardan las estadisticas, ya existe.
 [2009-26-25 06:26,   328]INFO  josejamilena.pfc.servidor.conexion.Estadisticas [main] - 0
 [2009-26-25 06:26,   339]INFO  josejamilena.pfc.servidor.conexion.Estadisticas [main] - 0
 [2009-29-25 06:29,     0]INFO  josejamilena.pfc.servidor.conexion.Estadisticas [main] - org.sqlite.JDBC
 [2009-29-25 06:29,    94]INFO  josejamilena.pfc.servidor.conexion.Estadisticas [main] - jdbc:sqlite:.\estadisticas.db3
 [2009-29-25 06:29,   101]WARN  josejamilena.pfc.servidor.conexion.Estadisticas [main] - La tabla donde se guardan las estadisticas, ya existe.
 [2009-29-25 06:29,   110]INFO  josejamilena.pfc.servidor.conexion.Estadisticas [main] - 0
 [2009-29-25 06:29,   121]INFO  josejamilena.pfc.servidor.conexion.Estadisticas [main] - 0
 [2009-31-25 06:31,     0]INFO  josejamilena.pfc.servidor.conexion.Estadisticas [main] - org.sqlite.JDBC
 [2009-31-25 06:31,   129]INFO  josejamilena.pfc.servidor.conexion.Estadisticas [main] - jdbc:sqlite:.\estadisticas.db3
 [2009-31-25 06:31,   136]WARN  josejamilena.pfc.servidor.conexion.Estadisticas [main] - La tabla donde se guardan las estadisticas, ya existe.
 [2009-31-25 06:31,   146]INFO  josejamilena.pfc.servidor.conexion.Estadisticas [main] - 0
 [2009-31-25 06:31,   158]INFO  josejamilena.pfc.servidor.conexion.Estadisticas [main] - 0
 [2009-31-25 06:31,   161]INFO  josejamilena.pfc.servidor.tareas.CargarTareas [main] - Programación SQL: ejemplo.sql * * * * *
 [2009-31-25 06:31,   162]INFO  josejamilena.pfc.servidor.tareas.CargarTareas [main] - Programación PLSQL: ejemplo_1.sql * * * * *
 [2009-31-25 06:31,     0]INFO  josejamilena.pfc.servidor.conexion.Estadisticas [main] - org.sqlite.JDBC
 [2009-31-25 06:31,    95]INFO  josejamilena.pfc.servidor.conexion.Estadisticas [main] - jdbc:sqlite:.\estadisticas.db3
 [2009-31-25 06:31,   103]WARN  josejamilena.pfc.servidor.conexion.Estadisticas [main] - La tabla donde se guardan las estadisticas, ya existe.
 [2009-31-25 06:31,   122]INFO  josejamilena.pfc.servidor.conexion.Estadisticas [main] - 0
 [2009-31-25 06:31,   227]INFO  josejamilena.pfc.servidor.conexion.Estadisticas [main] - 0
 [2009-31-25 06:31,   230]INFO  josejamilena.pfc.servidor.tareas.CargarTareas [main] - Programación SQL: ejemplo.sql * * * * *
 [2009-31-25 06:31,   231]INFO  josejamilena.pfc.servidor.tareas.CargarTareas [main] - Programación PLSQL: ejemplo_1.sql * * * * *
 [2009-32-25 06:32,  9792]INFO  josejamilena.pfc.servidor.conexion.Estadisticas [cron4j::scheduler[ec6558eb004b222f0140453600000122184241da2dded5f8]::executor[ec6558eb004b222f014f8dab00000122184265a16377a750]] - 0
 [2009-32-25 06:32,  9800]INFO  josejamilena.pfc.servidor.conexion.Estadisticas [cron4j::scheduler[ec6558eb004b222f0140453600000122184241da2dded5f8]::executor[ec6558eb004b222f014f8dab00000122184265a16377a750]] - 0
 [2009-32-25 06:32, 12768]INFO  josejamilena.pfc.servidor.conexion.Estadisticas [cron4j::scheduler[ec6558eb004b222f0140453600000122184243aa5723c7b8]::executor[ec6558eb004b222f00f5da060000012218426577697a623a]] - 0
 [2009-32-25 06:32, 12780]INFO  josejamilena.pfc.servidor.conexion.Estadisticas [cron4j::scheduler[ec6558eb004b222f0140453600000122184243aa5723c7b8]::executor[ec6558eb004b222f00f5da060000012218426577697a623a]] - 0
 [2009-32-25 06:32, 12818]INFO  josejamilena.pfc.servidor.conexion.Estadisticas [cron4j::scheduler[ec6558eb004b222f0140453600000122184243aa5723c7b8]::executor[ec6558eb004b222f00f5da060000012218426577697a623a]] - 1
 [2009-32-25 06:32, 13438]INFO  josejamilena.pfc.servidor.conexion.Estadisticas [cron4j::scheduler[ec6558eb004b222f0140453600000122184243aa5723c7b8]::executor[ec6558eb004b222f00f5da060000012218426577697a623a]] - 1
 [2009-32-25 06:32, 13440]DEBUG josejamilena.pfc.servidor.tareas.TaskPLSQL [cron4j::scheduler[ec6558eb004b222f0140453600000122184243aa5723c7b8]::executor[ec6558eb004b222f00f5da060000012218426577697a623a]] - Script: ejemplo_1.sql lanzado: Thu Jun 25 18:32:04 CEST 2009
 [2009-32-25 06:32, 13440]DEBUG josejamilena.pfc.servidor.tareas.TaskPLSQL [cron4j::scheduler[ec6558eb004b222f0140453600000122184243aa5723c7b8]::executor[ec6558eb004b222f00f5da060000012218426577697a623a]] - 17.0
 [2009-32-25 06:32, 15034]INFO  josejamilena.pfc.servidor.conexion.Estadisticas [cron4j::scheduler[ec6558eb004b222f0140453600000122184241da2dded5f8]::executor[ec6558eb004b222f014f8dab00000122184265a16377a750]] - 1
 [2009-32-25 06:32, 15041]INFO  josejamilena.pfc.servidor.conexion.Estadisticas [cron4j::scheduler[ec6558eb004b222f0140453600000122184241da2dded5f8]::executor[ec6558eb004b222f014f8dab00000122184265a16377a750]] - 1
 [2009-32-25 06:32, 15042]DEBUG josejamilena.pfc.servidor.tareas.TaskSQL [cron4j::scheduler[ec6558eb004b222f0140453600000122184241da2dded5f8]::executor[ec6558eb004b222f014f8dab00000122184265a16377a750]] - Script: ejemplo.sql lanzado: Thu Jun 25 18:32:05 CEST 2009
 [2009-32-25 06:32, 15042]DEBUG josejamilena.pfc.servidor.tareas.TaskSQL [cron4j::scheduler[ec6558eb004b222f0140453600000122184241da2dded5f8]::executor[ec6558eb004b222f014f8dab00000122184265a16377a750]] - 5093.0
 [2009-33-25 06:33, 69473]INFO  josejamilena.pfc.servidor.conexion.Estadisticas [cron4j::scheduler[ec6558eb004b222f0140453600000122184243aa5723c7b8]::executor[ec6558eb004b222f010166320000012218434f606f0da1e3]] - 1
 [2009-33-25 06:33, 69483]INFO  josejamilena.pfc.servidor.conexion.Estadisticas [cron4j::scheduler[ec6558eb004b222f0140453600000122184243aa5723c7b8]::executor[ec6558eb004b222f010166320000012218434f606f0da1e3]] - 1
 [2009-33-25 06:33, 69492]INFO  josejamilena.pfc.servidor.conexion.Estadisticas [cron4j::scheduler[ec6558eb004b222f0140453600000122184241da2dded5f8]::executor[ec6558eb004b222f00b8deef0000012218434f61574b0b30]] - 1
 [2009-33-25 06:33, 69501]INFO  josejamilena.pfc.servidor.conexion.Estadisticas [cron4j::scheduler[ec6558eb004b222f0140453600000122184243aa5723c7b8]::executor[ec6558eb004b222f010166320000012218434f606f0da1e3]] - 1
 [2009-33-25 06:33, 69509]INFO  josejamilena.pfc.servidor.conexion.Estadisticas [cron4j::scheduler[ec6558eb004b222f0140453600000122184241da2dded5f8]::executor[ec6558eb004b222f00b8deef0000012218434f61574b0b30]] - 1
 [2009-33-25 06:33, 69521]INFO  josejamilena.pfc.servidor.conexion.Estadisticas [cron4j::scheduler[ec6558eb004b222f0140453600000122184243aa5723c7b8]::executor[ec6558eb004b222f010166320000012218434f606f0da1e3]] - 1
 [2009-33-25 06:33, 69522]DEBUG josejamilena.pfc.servidor.tareas.TaskPLSQL [cron4j::scheduler[ec6558eb004b222f0140453600000122184243aa5723c7b8]::executor[ec6558eb004b222f010166320000012218434f606f0da1e3]] - Script: ejemplo_1.sql lanzado: Thu Jun 25 18:33:00 CEST 2009
 [2009-33-25 06:33, 69522]DEBUG josejamilena.pfc.servidor.tareas.TaskPLSQL [cron4j::scheduler[ec6558eb004b222f0140453600000122184243aa5723c7b8]::executor[ec6558eb004b222f010166320000012218434f606f0da1e3]] - 5.0
 [2009-33-25 06:33, 72468]INFO  josejamilena.pfc.servidor.conexion.Estadisticas [cron4j::scheduler[ec6558eb004b222f0140453600000122184241da2dded5f8]::executor[ec6558eb004b222f00b8deef0000012218434f61574b0b30]] - 1
 [2009-33-25 06:33, 72476]INFO  josejamilena.pfc.servidor.conexion.Estadisticas [cron4j::scheduler[ec6558eb004b222f0140453600000122184241da2dded5f8]::executor[ec6558eb004b222f00b8deef0000012218434f61574b0b30]] - 1
 [2009-33-25 06:33, 72477]DEBUG josejamilena.pfc.servidor.tareas.TaskSQL [cron4j::scheduler[ec6558eb004b222f0140453600000122184241da2dded5f8]::executor[ec6558eb004b222f00b8deef0000012218434f61574b0b30]] - Script: ejemplo.sql lanzado: Thu Jun 25 18:33:03 CEST 2009
 [2009-33-25 06:33, 72477]DEBUG josejamilena.pfc.servidor.tareas.TaskSQL [cron4j::scheduler[ec6558eb004b222f0140453600000122184241da2dded5f8]::executor[ec6558eb004b222f00b8deef0000012218434f61574b0b30]] - 2949.0
 [2009-34-25 06:34,     0]INFO  josejamilena.pfc.servidor.conexion.Estadisticas [main] - org.sqlite.JDBC
 [2009-34-25 06:34,   135]INFO  josejamilena.pfc.servidor.conexion.Estadisticas [main] - jdbc:sqlite:.\estadisticas.db3
 [2009-34-25 06:34,   142]WARN  josejamilena.pfc.servidor.conexion.Estadisticas [main] - La tabla donde se guardan las estadisticas, ya existe.
 [2009-34-25 06:34,   246]INFO  josejamilena.pfc.servidor.conexion.Estadisticas [main] - 0
 [2009-34-25 06:34,   553]INFO  josejamilena.pfc.servidor.conexion.Estadisticas [main] - 0
 [2009-34-25 06:34,   556]INFO  josejamilena.pfc.servidor.tareas.CargarTareas [main] - Programación SQL: ejemplo.sql * * * * *
 [2009-34-25 06:34,   557]INFO  josejamilena.pfc.servidor.tareas.CargarTareas [main] - Programación PLSQL: ejemplo_1.sql * * * * *
 [2009-35-25 06:35, 43901]INFO  josejamilena.pfc.servidor.conexion.Estadisticas [cron4j::scheduler[ec6558eb012f6684010b9d040000012218447c9f0cd635ad]::executor[ec6558eb012f668400defa1a00000122184524432901b66e]] - 0
 [2009-35-25 06:35, 44014]INFO  josejamilena.pfc.servidor.conexion.Estadisticas [cron4j::scheduler[ec6558eb012f6684010b9d040000012218447c9f0cd635ad]::executor[ec6558eb012f668400defa1a00000122184524432901b66e]] - 0
 [2009-35-25 06:35, 46780]INFO  josejamilena.pfc.servidor.conexion.Estadisticas [cron4j::scheduler[ec6558eb012f6684010b9d040000012218447e6a43c4b6a9]::executor[ec6558eb012f668401ac04e80000012218452445771ada2e]] - 0
 [2009-35-25 06:35, 47107]INFO  josejamilena.pfc.servidor.conexion.Estadisticas [cron4j::scheduler[ec6558eb012f6684010b9d040000012218447e6a43c4b6a9]::executor[ec6558eb012f668401ac04e80000012218452445771ada2e]] - 0
 [2009-35-25 06:35, 47279]INFO  josejamilena.pfc.servidor.conexion.Estadisticas [cron4j::scheduler[ec6558eb012f6684010b9d040000012218447e6a43c4b6a9]::executor[ec6558eb012f668401ac04e80000012218452445771ada2e]] - 1
 [2009-35-25 06:35, 47462]INFO  josejamilena.pfc.servidor.conexion.Estadisticas [cron4j::scheduler[ec6558eb012f6684010b9d040000012218447e6a43c4b6a9]::executor[ec6558eb012f668401ac04e80000012218452445771ada2e]] - 1
 [2009-35-25 06:35, 47464]DEBUG josejamilena.pfc.servidor.tareas.TaskPLSQL [cron4j::scheduler[ec6558eb012f6684010b9d040000012218447e6a43c4b6a9]::executor[ec6558eb012f668401ac04e80000012218452445771ada2e]] - Script: ejemplo_1.sql lanzado: Thu Jun 25 18:35:04 CEST 2009
 [2009-35-25 06:35, 47464]DEBUG josejamilena.pfc.servidor.tareas.TaskPLSQL [cron4j::scheduler[ec6558eb012f6684010b9d040000012218447e6a43c4b6a9]::executor[ec6558eb012f668401ac04e80000012218452445771ada2e]] - 158.0
 [2009-35-25 06:35, 47472]INFO  josejamilena.pfc.servidor.conexion.Estadisticas [cron4j::scheduler[ec6558eb012f6684010b9d040000012218447c9f0cd635ad]::executor[ec6558eb012f668400defa1a00000122184524432901b66e]] - 1
 [2009-35-25 06:35, 47480]INFO  josejamilena.pfc.servidor.conexion.Estadisticas [cron4j::scheduler[ec6558eb012f6684010b9d040000012218447c9f0cd635ad]::executor[ec6558eb012f668400defa1a00000122184524432901b66e]] - 1
 [2009-35-25 06:35, 47481]DEBUG josejamilena.pfc.servidor.tareas.TaskSQL [cron4j::scheduler[ec6558eb012f6684010b9d040000012218447c9f0cd635ad]::executor[ec6558eb012f668400defa1a00000122184524432901b66e]] - Script: ejemplo.sql lanzado: Thu Jun 25 18:35:04 CEST 2009
 [2009-35-25 06:35, 47481]DEBUG josejamilena.pfc.servidor.tareas.TaskSQL [cron4j::scheduler[ec6558eb012f6684010b9d040000012218447c9f0cd635ad]::executor[ec6558eb012f668400defa1a00000122184524432901b66e]] - 3448.0
 [2009-36-25 06:36,103735]INFO  josejamilena.pfc.servidor.conexion.Estadisticas [cron4j::scheduler[ec6558eb012f6684010b9d040000012218447c9f0cd635ad]::executor[ec6558eb012f6684009df6f10000012218460ea827a9f32a]] - 1
 [2009-36-25 06:36,103743]INFO  josejamilena.pfc.servidor.conexion.Estadisticas [cron4j::scheduler[ec6558eb012f6684010b9d040000012218447c9f0cd635ad]::executor[ec6558eb012f6684009df6f10000012218460ea827a9f32a]] - 1
 [2009-36-25 06:36,103762]INFO  josejamilena.pfc.servidor.conexion.Estadisticas [cron4j::scheduler[ec6558eb012f6684010b9d040000012218447e6a43c4b6a9]::executor[ec6558eb012f6684010166320000012218460eca287ca086]] - 1
 [2009-36-25 06:36,103775]INFO  josejamilena.pfc.servidor.conexion.Estadisticas [cron4j::scheduler[ec6558eb012f6684010b9d040000012218447e6a43c4b6a9]::executor[ec6558eb012f6684010166320000012218460eca287ca086]] - 1
 [2009-36-25 06:36,103792]INFO  josejamilena.pfc.servidor.conexion.Estadisticas [cron4j::scheduler[ec6558eb012f6684010b9d040000012218447e6a43c4b6a9]::executor[ec6558eb012f6684010166320000012218460eca287ca086]] - 1
 [2009-36-25 06:36,103802]INFO  josejamilena.pfc.servidor.conexion.Estadisticas [cron4j::scheduler[ec6558eb012f6684010b9d040000012218447e6a43c4b6a9]::executor[ec6558eb012f6684010166320000012218460eca287ca086]] - 1
 [2009-36-25 06:36,103803]DEBUG josejamilena.pfc.servidor.tareas.TaskPLSQL [cron4j::scheduler[ec6558eb012f6684010b9d040000012218447e6a43c4b6a9]::executor[ec6558eb012f6684010166320000012218460eca287ca086]] - Script: ejemplo_1.sql lanzado: Thu Jun 25 18:36:00 CEST 2009
 [2009-36-25 06:36,103803]DEBUG josejamilena.pfc.servidor.tareas.TaskPLSQL [cron4j::scheduler[ec6558eb012f6684010b9d040000012218447e6a43c4b6a9]::executor[ec6558eb012f6684010166320000012218460eca287ca086]] - 6.0
 [2009-36-25 06:36,106333]INFO  josejamilena.pfc.servidor.conexion.Estadisticas [cron4j::scheduler[ec6558eb012f6684010b9d040000012218447c9f0cd635ad]::executor[ec6558eb012f6684009df6f10000012218460ea827a9f32a]] - 1
 [2009-36-25 06:36,106341]INFO  josejamilena.pfc.servidor.conexion.Estadisticas [cron4j::scheduler[ec6558eb012f6684010b9d040000012218447c9f0cd635ad]::executor[ec6558eb012f6684009df6f10000012218460ea827a9f32a]] - 1
 [2009-36-25 06:36,106341]DEBUG josejamilena.pfc.servidor.tareas.TaskSQL [cron4j::scheduler[ec6558eb012f6684010b9d040000012218447c9f0cd635ad]::executor[ec6558eb012f6684009df6f10000012218460ea827a9f32a]] - Script: ejemplo.sql lanzado: Thu Jun 25 18:36:03 CEST 2009
 [2009-36-25 06:36,106341]DEBUG josejamilena.pfc.servidor.tareas.TaskSQL [cron4j::scheduler[ec6558eb012f6684010b9d040000012218447c9f0cd635ad]::executor[ec6558eb012f6684009df6f10000012218460ea827a9f32a]] - 2579.0
 [2009-49-25 06:49,     0]INFO  josejamilena.pfc.servidor.conexion.Estadisticas [main] - org.sqlite.JDBC
 [2009-49-25 06:49,  3706]INFO  josejamilena.pfc.servidor.conexion.Estadisticas [main] - jdbc:sqlite:.\estadisticas.db3
 [2009-49-25 06:49,  3758]WARN  josejamilena.pfc.servidor.conexion.Estadisticas [main] - La tabla donde se guardan las estadisticas, ya existe.
 [2009-49-25 06:49,  3911]INFO  josejamilena.pfc.servidor.conexion.Estadisticas [main] - 0
 [2009-49-25 06:49,  4061]INFO  josejamilena.pfc.servidor.conexion.Estadisticas [main] - 0
 [2009-49-25 06:49,  4150]INFO  josejamilena.pfc.servidor.tareas.CargarTareas [main] - Programación SQL: ejemplo.sql * * * * *
 [2009-49-25 06:49,  4178]INFO  josejamilena.pfc.servidor.tareas.CargarTareas [main] - Programación PLSQL: ejemplo_1.sql * * * * *
 [2009-50-25 06:50, 65738]INFO  josejamilena.pfc.servidor.conexion.Estadisticas [cron4j::scheduler[ec6558eb007259da00b02e7a0000012218520b3b35af964e]::executor[ec6558eb007259da00f6a746000001221852e03f19a3adb2]] - 0
 [2009-50-25 06:50, 65874]INFO  josejamilena.pfc.servidor.conexion.Estadisticas [cron4j::scheduler[ec6558eb007259da00b02e7a0000012218520b3b35af964e]::executor[ec6558eb007259da00f6a746000001221852e03f19a3adb2]] - 0
 [2009-50-25 06:50, 66364]INFO  josejamilena.pfc.servidor.conexion.Estadisticas [cron4j::scheduler[ec6558eb007259da00b02e7a00000122185207bd5a6cb1e7]::executor[ec6558eb007259da01cde100000001221852e0196eac9807]] - 0
 [2009-50-25 06:50, 66504]INFO  josejamilena.pfc.servidor.conexion.Estadisticas [cron4j::scheduler[ec6558eb007259da00b02e7a00000122185207bd5a6cb1e7]::executor[ec6558eb007259da01cde100000001221852e0196eac9807]] - 0
 [2009-50-25 06:50, 66904]INFO  josejamilena.pfc.servidor.conexion.Estadisticas [cron4j::scheduler[ec6558eb007259da00b02e7a0000012218520b3b35af964e]::executor[ec6558eb007259da00f6a746000001221852e03f19a3adb2]] - 1
 [2009-50-25 06:50, 67246]INFO  josejamilena.pfc.servidor.conexion.Estadisticas [cron4j::scheduler[ec6558eb007259da00b02e7a0000012218520b3b35af964e]::executor[ec6558eb007259da00f6a746000001221852e03f19a3adb2]] - 1
 [2009-50-25 06:50, 67248]DEBUG josejamilena.pfc.servidor.tareas.TaskPLSQL [cron4j::scheduler[ec6558eb007259da00b02e7a0000012218520b3b35af964e]::executor[ec6558eb007259da00f6a746000001221852e03f19a3adb2]] - Script: ejemplo_1.sql lanzado: Thu Jun 25 18:50:07 CEST 2009
 [2009-50-25 06:50, 67248]DEBUG josejamilena.pfc.servidor.tareas.TaskPLSQL [cron4j::scheduler[ec6558eb007259da00b02e7a0000012218520b3b35af964e]::executor[ec6558eb007259da00f6a746000001221852e03f19a3adb2]] - 500.0
 [2009-50-25 06:50, 77507]INFO  josejamilena.pfc.servidor.conexion.Estadisticas [cron4j::scheduler[ec6558eb007259da00b02e7a00000122185207bd5a6cb1e7]::executor[ec6558eb007259da01cde100000001221852e0196eac9807]] - 1
 [2009-50-25 06:50, 77773]INFO  josejamilena.pfc.servidor.conexion.Estadisticas [cron4j::scheduler[ec6558eb007259da00b02e7a00000122185207bd5a6cb1e7]::executor[ec6558eb007259da01cde100000001221852e0196eac9807]] - 1
 [2009-50-25 06:50, 77776]DEBUG josejamilena.pfc.servidor.tareas.TaskSQL [cron4j::scheduler[ec6558eb007259da00b02e7a00000122185207bd5a6cb1e7]::executor[ec6558eb007259da01cde100000001221852e0196eac9807]] - Script: ejemplo.sql lanzado: Thu Jun 25 18:50:18 CEST 2009
 [2009-50-25 06:50, 77776]DEBUG josejamilena.pfc.servidor.tareas.TaskSQL [cron4j::scheduler[ec6558eb007259da00b02e7a00000122185207bd5a6cb1e7]::executor[ec6558eb007259da01cde100000001221852e0196eac9807]] - 10612.0
 [2009-51-25 06:51,120081]INFO  josejamilena.pfc.servidor.conexion.Estadisticas [cron4j::scheduler[ec6558eb007259da00b02e7a00000122185207bd5a6cb1e7]::executor[ec6558eb007259da01a62c31000001221853ca302209bc13]] - 1
 [2009-51-25 06:51,120082]WARN  josejamilena.pfc.servidor.conexion.Estadisticas [cron4j::scheduler[ec6558eb007259da00b02e7a0000012218520b3b35af964e]::executor[ec6558eb007259da00e32802000001221853ca355b7f7478]] - La tabla no existe. No es necesario borrarla.
 [2009-51-25 06:51,120090]INFO  josejamilena.pfc.servidor.conexion.Estadisticas [cron4j::scheduler[ec6558eb007259da00b02e7a00000122185207bd5a6cb1e7]::executor[ec6558eb007259da01a62c31000001221853ca302209bc13]] - 1
 [2009-51-25 06:51,120090]WARN  josejamilena.pfc.servidor.conexion.Estadisticas [cron4j::scheduler[ec6558eb007259da00b02e7a0000012218520b3b35af964e]::executor[ec6558eb007259da00e32802000001221853ca355b7f7478]] - La tabla donde se guardan las estadisticas, ya existe.
 [2009-51-25 06:51,120109]INFO  josejamilena.pfc.servidor.conexion.Estadisticas [cron4j::scheduler[ec6558eb007259da00b02e7a0000012218520b3b35af964e]::executor[ec6558eb007259da00e32802000001221853ca355b7f7478]] - 1
 [2009-51-25 06:51,120120]INFO  josejamilena.pfc.servidor.conexion.Estadisticas [cron4j::scheduler[ec6558eb007259da00b02e7a0000012218520b3b35af964e]::executor[ec6558eb007259da00e32802000001221853ca355b7f7478]] - 1
 [2009-51-25 06:51,120121]DEBUG josejamilena.pfc.servidor.tareas.TaskPLSQL [cron4j::scheduler[ec6558eb007259da00b02e7a0000012218520b3b35af964e]::executor[ec6558eb007259da00e32802000001221853ca355b7f7478]] - Script: ejemplo_1.sql lanzado: Thu Jun 25 18:51:00 CEST 2009
 [2009-51-25 06:51,120121]DEBUG josejamilena.pfc.servidor.tareas.TaskPLSQL [cron4j::scheduler[ec6558eb007259da00b02e7a0000012218520b3b35af964e]::executor[ec6558eb007259da00e32802000001221853ca355b7f7478]] - 9.0
 [2009-51-25 06:51,122009]INFO  josejamilena.pfc.servidor.conexion.Estadisticas [cron4j::scheduler[ec6558eb007259da00b02e7a00000122185207bd5a6cb1e7]::executor[ec6558eb007259da01a62c31000001221853ca302209bc13]] - 1
 [2009-51-25 06:51,122016]INFO  josejamilena.pfc.servidor.conexion.Estadisticas [cron4j::scheduler[ec6558eb007259da00b02e7a00000122185207bd5a6cb1e7]::executor[ec6558eb007259da01a62c31000001221853ca302209bc13]] - 1
 [2009-51-25 06:51,122017]DEBUG josejamilena.pfc.servidor.tareas.TaskSQL [cron4j::scheduler[ec6558eb007259da00b02e7a00000122185207bd5a6cb1e7]::executor[ec6558eb007259da01a62c31000001221853ca302209bc13]] - Script: ejemplo.sql lanzado: Thu Jun 25 18:51:02 CEST 2009
 [2009-51-25 06:51,122017]DEBUG josejamilena.pfc.servidor.tareas.TaskSQL [cron4j::scheduler[ec6558eb007259da00b02e7a00000122185207bd5a6cb1e7]::executor[ec6558eb007259da01a62c31000001221853ca302209bc13]] - 1909.0
 